TN:
SF:/home/user/vega/projects/glace/glace-xvfb/lib/config.js
FNF:0
FNH:0
DA:11,1
DA:13,1
DA:15,1
DA:16,1
DA:18,1
DA:20,1
DA:21,1
DA:22,0
DA:24,1
DA:25,0
DA:26,0
DA:29,0
DA:30,0
DA:33,1
LF:14
LH:9
BRDA:21,0,0,0
BRDA:21,0,1,1
BRDA:24,1,0,0
BRDA:24,1,1,1
BRDA:26,2,0,0
BRDA:26,2,1,0
BRF:6
BRH:2
end_of_record
TN:
SF:/home/user/vega/projects/glace/glace-xvfb/lib/fixtures.js
FN:15,(anonymous_0)
FN:18,(anonymous_1)
FN:24,(anonymous_2)
FNF:3
FNH:3
FNDA:3,(anonymous_0)
FNDA:3,(anonymous_1)
FNDA:3,(anonymous_2)
DA:15,1
DA:18,3
DA:19,3
DA:22,3
DA:24,3
DA:25,3
DA:26,1
LF:7
LH:7
BRDA:25,0,0,2
BRDA:25,0,1,1
BRF:2
BRH:2
end_of_record
TN:
SF:/home/user/vega/projects/glace/glace-xvfb/lib/index.js
FN:15,(anonymous_0)
FN:24,(anonymous_1)
FN:33,(anonymous_2)
FNF:3
FNH:3
FNDA:3,(anonymous_0)
FNDA:2,(anonymous_1)
FNDA:4,(anonymous_2)
DA:10,1
DA:16,3
DA:17,3
DA:25,2
DA:26,2
DA:34,4
DA:35,4
LF:7
LH:7
BRDA:16,0,0,3
BRDA:16,0,1,1
BRDA:25,1,0,2
BRDA:25,1,1,1
BRDA:34,2,0,4
BRDA:34,2,1,1
BRF:6
BRH:6
end_of_record
TN:
SF:/home/user/vega/projects/glace/glace-xvfb/lib/pluginHelp.js
FN:11,(anonymous_0)
FNF:1
FNH:1
FNDA:1,(anonymous_0)
DA:11,1
DA:12,1
LF:2
LH:2
BRF:0
BRH:0
end_of_record
TN:
SF:/home/user/vega/projects/glace/glace-xvfb/lib/steps.js
FN:22,(anonymous_0)
FN:78,(anonymous_1)
FNF:2
FNH:2
FNDA:5,(anonymous_0)
FNDA:2,(anonymous_1)
DA:9,1
DA:10,1
DA:11,1
DA:12,1
DA:14,1
DA:15,1
DA:17,1
DA:43,5
DA:44,1
DA:45,1
DA:48,4
DA:49,4
DA:50,4
DA:51,4
DA:52,4
DA:54,4
DA:55,4
DA:57,4
DA:58,1
DA:59,1
DA:60,1
DA:63,4
DA:69,4
DA:70,4
DA:72,4
DA:73,4
DA:75,4
DA:89,2
DA:90,1
DA:91,1
DA:94,1
DA:95,1
DA:97,1
DA:98,1
DA:100,1
DA:101,1
DA:103,1
DA:106,1
LF:38
LH:38
BRDA:43,0,0,1
BRDA:43,0,1,4
BRDA:57,1,0,1
BRDA:57,1,1,3
BRDA:57,2,0,4
BRDA:57,2,1,2
BRDA:57,2,2,2
BRDA:59,3,0,1
BRDA:59,3,1,1
BRDA:60,4,0,1
BRDA:60,4,1,1
BRDA:63,5,0,4
BRDA:63,5,1,3
BRDA:89,6,0,1
BRDA:89,6,1,1
BRF:15
BRH:15
end_of_record
TN:
SF:/home/user/vega/projects/glace/glace-xvfb/tests/e2e/tests.js
FN:3,(anonymous_0)
FN:4,(anonymous_1)
FN:5,(anonymous_2)
FNF:3
FNH:3
FNDA:1,(anonymous_0)
FNDA:1,(anonymous_1)
FNDA:1,(anonymous_2)
DA:3,1
DA:4,1
DA:5,1
DA:6,1
LF:4
LH:4
BRF:0
BRH:0
end_of_record
TN:
SF:/home/user/vega/projects/glace/glace-xvfb/tests/unit/testConfig.js
FN:5,(anonymous_0)
FN:7,(anonymous_1)
FN:9,(anonymous_2)
FN:13,(anonymous_3)
FN:17,(anonymous_4)
FN:21,(anonymous_5)
FNF:6
FNH:6
FNDA:1,(anonymous_0)
FNDA:1,(anonymous_1)
FNDA:1,(anonymous_2)
FNDA:1,(anonymous_3)
FNDA:1,(anonymous_4)
FNDA:1,(anonymous_5)
DA:3,1
DA:5,1
DA:7,1
DA:9,1
DA:10,1
DA:13,1
DA:14,1
DA:17,1
DA:18,1
DA:21,1
DA:22,1
LF:11
LH:11
BRF:0
BRH:0
end_of_record
TN:
SF:/home/user/vega/projects/glace/glace-xvfb/tests/unit/testFixtures.js
FN:5,(anonymous_0)
FN:7,(anonymous_1)
FN:12,(anonymous_2)
FN:17,(anonymous_3)
FN:22,(anonymous_4)
FN:24,(anonymous_5)
FN:25,(anonymous_6)
FN:31,(anonymous_7)
FN:35,(anonymous_8)
FN:36,(anonymous_9)
FN:43,(anonymous_10)
FN:45,(anonymous_11)
FNF:12
FNH:12
FNDA:1,(anonymous_0)
FNDA:1,(anonymous_1)
FNDA:1,(anonymous_2)
FNDA:1,(anonymous_3)
FNDA:3,(anonymous_4)
FNDA:2,(anonymous_5)
FNDA:2,(anonymous_6)
FNDA:1,(anonymous_7)
FNDA:1,(anonymous_8)
FNDA:1,(anonymous_9)
FNDA:1,(anonymous_10)
FNDA:1,(anonymous_11)
DA:3,1
DA:5,1
DA:7,1
DA:12,1
DA:13,1
DA:14,1
DA:17,1
DA:18,1
DA:19,1
DA:22,1
DA:23,3
DA:24,3
DA:25,3
DA:27,3
DA:28,3
DA:31,1
DA:32,1
DA:35,1
DA:36,1
DA:37,1
DA:39,1
DA:40,1
DA:43,1
DA:44,1
DA:45,1
DA:46,1
DA:48,1
DA:49,1
LF:28
LH:28
BRF:0
BRH:0
end_of_record
TN:
SF:/home/user/vega/projects/glace/glace-xvfb/tests/unit/testLazyImport.js
FN:6,(anonymous_0)
FN:8,(anonymous_1)
FN:10,(anonymous_2)
FN:14,(anonymous_3)
FN:18,(anonymous_4)
FN:22,(anonymous_5)
FNF:6
FNH:6
FNDA:1,(anonymous_0)
FNDA:1,(anonymous_1)
FNDA:1,(anonymous_2)
FNDA:1,(anonymous_3)
FNDA:1,(anonymous_4)
FNDA:1,(anonymous_5)
DA:3,1
DA:4,1
DA:6,1
DA:8,1
DA:10,1
DA:11,1
DA:14,1
DA:15,1
DA:18,1
DA:19,1
DA:22,1
DA:23,1
LF:12
LH:12
BRF:0
BRH:0
end_of_record
TN:
SF:/home/user/vega/projects/glace/glace-xvfb/tests/unit/testPluginHelp.js
FN:5,(anonymous_0)
FN:6,(anonymous_1)
FN:8,(anonymous_2)
FN:8,(anonymous_3)
FN:10,(anonymous_4)
FNF:5
FNH:5
FNDA:1,(anonymous_0)
FNDA:1,(anonymous_1)
FNDA:1,(anonymous_2)
FNDA:1,(anonymous_3)
FNDA:1,(anonymous_4)
DA:3,1
DA:5,1
DA:6,1
DA:8,1
DA:10,1
DA:11,1
LF:6
LH:6
BRF:0
BRH:0
end_of_record
TN:
SF:/home/user/vega/projects/glace/glace-xvfb/tests/unit/testSteps.js
FN:7,(anonymous_0)
FN:10,(anonymous_1)
FN:12,(anonymous_2)
FN:23,(anonymous_3)
FN:25,(anonymous_4)
FN:30,(anonymous_5)
FN:36,(anonymous_6)
FN:45,(anonymous_7)
FN:57,(anonymous_8)
FN:71,(anonymous_9)
FN:82,(anonymous_10)
FN:84,(anonymous_11)
FN:91,(anonymous_12)
FN:97,(anonymous_13)
FNF:14
FNH:14
FNDA:1,(anonymous_0)
FNDA:7,(anonymous_1)
FNDA:3,(anonymous_2)
FNDA:1,(anonymous_3)
FNDA:5,(anonymous_4)
FNDA:1,(anonymous_5)
FNDA:1,(anonymous_6)
FNDA:1,(anonymous_7)
FNDA:1,(anonymous_8)
FNDA:1,(anonymous_9)
FNDA:1,(anonymous_10)
FNDA:2,(anonymous_11)
FNDA:1,(anonymous_12)
FNDA:1,(anonymous_13)
DA:3,1
DA:5,1
DA:7,1
DA:10,1
DA:11,7
DA:12,7
DA:13,3
DA:14,3
DA:16,7
DA:18,7
DA:19,7
DA:20,7
DA:23,1
DA:25,1
DA:26,5
DA:27,5
DA:30,1
DA:31,1
DA:32,1
DA:33,1
DA:36,1
DA:37,1
DA:38,1
DA:39,1
DA:40,1
DA:41,1
DA:42,1
DA:45,1
DA:46,1
DA:47,1
DA:49,1
DA:50,1
DA:51,1
DA:52,1
DA:53,1
DA:54,1
DA:57,1
DA:58,1
DA:64,1
DA:65,1
DA:66,1
DA:67,1
DA:68,1
DA:71,1
DA:72,1
DA:76,1
DA:77,1
DA:78,1
DA:82,1
DA:84,1
DA:85,2
DA:86,2
DA:91,1
DA:92,1
DA:93,1
DA:94,1
DA:97,1
DA:98,1
DA:99,1
DA:100,1
DA:101,1
LF:61
LH:61
BRF:0
BRH:0
end_of_record
