TN:
SF:/home/user/vega/projects/glace/glace-xvfb/lib/config.js
FNF:0
FNH:0
DA:11,1
DA:13,1
DA:15,1
DA:16,1
DA:18,1
DA:20,1
DA:21,1
DA:22,0
DA:24,1
DA:25,0
DA:26,0
DA:29,0
DA:30,0
DA:33,1
LF:14
LH:9
BRDA:21,0,0,0
BRDA:21,0,1,1
BRDA:24,1,0,0
BRDA:24,1,1,1
BRDA:26,2,0,0
BRDA:26,2,1,0
BRF:6
BRH:2
end_of_record
TN:
SF:/home/user/vega/projects/glace/glace-xvfb/lib/fixtures.js
FN:11,(anonymous_0)
FN:11,(anonymous_1)
FN:15,(anonymous_2)
FN:15,(anonymous_3)
FNF:4
FNH:4
FNDA:3,(anonymous_0)
FNDA:3,(anonymous_1)
FNDA:3,(anonymous_2)
FNDA:3,(anonymous_3)
DA:9,1
DA:11,3
DA:12,3
DA:15,3
DA:16,3
DA:17,1
DA:27,1
LF:7
LH:7
BRDA:16,0,0,2
BRDA:16,0,1,1
BRF:2
BRH:2
end_of_record
TN:
SF:/home/user/vega/projects/glace/glace-xvfb/lib/index.js
FN:15,(anonymous_0)
FN:24,(anonymous_1)
FN:33,(anonymous_2)
FNF:3
FNH:3
FNDA:3,(anonymous_0)
FNDA:2,(anonymous_1)
FNDA:4,(anonymous_2)
DA:10,1
DA:16,3
DA:17,3
DA:25,2
DA:26,2
DA:34,4
DA:35,4
LF:7
LH:7
BRDA:16,0,0,3
BRDA:16,0,1,1
BRDA:25,1,0,2
BRDA:25,1,1,1
BRDA:34,2,0,4
BRDA:34,2,1,1
BRF:6
BRH:6
end_of_record
TN:
SF:/home/user/vega/projects/glace/glace-xvfb/lib/pluginHelp.js
FN:11,(anonymous_0)
FNF:1
FNH:1
FNDA:1,(anonymous_0)
DA:11,1
DA:12,1
LF:2
LH:2
BRF:0
BRH:0
end_of_record
TN:
SF:/home/user/vega/projects/glace/glace-xvfb/lib/steps.js
FN:22,(anonymous_0)
FN:78,(anonymous_1)
FNF:2
FNH:2
FNDA:5,(anonymous_0)
FNDA:2,(anonymous_1)
DA:9,1
DA:10,1
DA:11,1
DA:12,1
DA:14,1
DA:15,1
DA:17,1
DA:43,5
DA:44,1
DA:45,1
DA:48,4
DA:49,4
DA:50,4
DA:51,4
DA:52,4
DA:54,4
DA:55,4
DA:57,4
DA:58,1
DA:59,1
DA:60,1
DA:63,4
DA:69,4
DA:70,4
DA:72,4
DA:73,4
DA:75,4
DA:89,2
DA:90,1
DA:91,1
DA:94,1
DA:95,1
DA:97,1
DA:98,1
DA:100,1
DA:101,1
DA:103,1
DA:106,1
LF:38
LH:38
BRDA:43,0,0,1
BRDA:43,0,1,4
BRDA:57,1,0,1
BRDA:57,1,1,3
BRDA:57,2,0,4
BRDA:57,2,1,2
BRDA:57,2,2,2
BRDA:59,3,0,1
BRDA:59,3,1,1
BRDA:60,4,0,1
BRDA:60,4,1,1
BRDA:63,5,0,4
BRDA:63,5,1,3
BRDA:89,6,0,1
BRDA:89,6,1,1
BRF:15
BRH:15
end_of_record
